{"uid":"47cf8204e55504e5","name":"Check search and buy product","fullName":"tests.test_reg.TestCriticalPath#test_critical_path","historyId":"a529104bdd0dd3d92848eaf20bb9eb6a","time":{"start":1728395207892,"stop":1728395246614,"duration":38722},"status":"broken","statusMessage":"selenium.common.exceptions.TimeoutException: Message: \nStacktrace:\n\tGetHandleVerifier [0x00768D03+51395]\n\t(No symbol) [0x006D5F61]\n\t(No symbol) [0x0058E13A]\n\t(No symbol) [0x005C62BB]\n\t(No symbol) [0x005C63EB]\n\t(No symbol) [0x005FC162]\n\t(No symbol) [0x005E3ED4]\n\t(No symbol) [0x005FA570]\n\t(No symbol) [0x005E3C26]\n\t(No symbol) [0x005BC629]\n\t(No symbol) [0x005BD40D]\n\tGetHandleVerifier [0x00AE68D3+3712147]\n\tGetHandleVerifier [0x00B25CBA+3971194]\n\tGetHandleVerifier [0x00B20FA8+3951464]\n\tGetHandleVerifier [0x00819D09+776393]\n\t(No symbol) [0x006E1734]\n\t(No symbol) [0x006DC618]\n\t(No symbol) [0x006DC7C9]\n\t(No symbol) [0x006CDDF0]\n\tBaseThreadInitThunk [0x75AEFCC9+25]\n\tRtlGetAppContainerNamedObjectPath [0x77737C5E+286]\n\tRtlGetAppContainerNamedObjectPath [0x77737C2E+238]","statusTrace":"self = <tests.test_reg.TestCriticalPath object at 0x0000019DCC125970>\n\n    @allure.title(\"Check search and buy product\")\n    @allure.severity(\"Critical\")\n    @pytest.mark.critical_path\n    @pytest.mark.run(order=1)\n    def test_critical_path(self):\n        self.reg_page.open()\n        self.reg_page.is_opened()\n        self.reg_page.check_main_word()\n        self.reg_page.enter_personal_account()\n        self.reg_page.input_login(self.data.LOGIN)\n        self.reg_page.enter_login_button()\n        self.reg_page.input_password(self.data.PASSWORD)\n        self.reg_page.input_search_field()\n        self.reg_page.choose_product()\n        self.reg_page.add_to_cart()\n        self.reg_page.go_to_cart()\n        self.reg_page.click_place_an_order_button()\n        self.reg_page.check_order()\n        self.reg_page.go_to_checkout()\n        self.reg_page.click_dalee_button()\n        self.reg_page.input_phone()\n        self.reg_page.click_dalee_button()\n        self.reg_page.input_city()\n        self.reg_page.click_dalee_button()\n        self.reg_page.click_good_button()\n        self.reg_page.click_dalee_button()\n>       self.reg_page.choose_delivery_method()\n\ntests\\test_reg.py:36: \n_ _ _ _ _ _ _ _ _ _ _ _ _ _ _ _ _ _ _ _ _ _ _ _ _ _ _ _ _ _ _ _ _ _ _ _ _ _ _ _ _ _ _ _ _ _ _ _ _ _ _ _ _ _ _ _ _ _ _ _ _ _ _ _ _ _ _ _ _ _ _ _ _ _ _ _ _ _ _ _ \npages\\reg_page.py:132: in choose_delivery_method\n    self.wait.until(EC.element_to_be_clickable(self.POST_BUTTON)).click()\n_ _ _ _ _ _ _ _ _ _ _ _ _ _ _ _ _ _ _ _ _ _ _ _ _ _ _ _ _ _ _ _ _ _ _ _ _ _ _ _ _ _ _ _ _ _ _ _ _ _ _ _ _ _ _ _ _ _ _ _ _ _ _ _ _ _ _ _ _ _ _ _ _ _ _ _ _ _ _ _ \n\nself = <selenium.webdriver.support.wait.WebDriverWait (session=\"9b687dac20aac6abf0be90b38fdfed6b\")>\nmethod = <function element_to_be_clickable.<locals>._predicate at 0x0000019DCBDC2480>, message = ''\n\n    def until(self, method: Callable[[D], Union[Literal[False], T]], message: str = \"\") -> T:\n        \"\"\"Calls the method provided with the driver as an argument until the \\\n        return value does not evaluate to ``False``.\n    \n        :param method: callable(WebDriver)\n        :param message: optional message for :exc:`TimeoutException`\n        :returns: the result of the last call to `method`\n        :raises: :exc:`selenium.common.exceptions.TimeoutException` if timeout occurs\n        \"\"\"\n        screen = None\n        stacktrace = None\n    \n        end_time = time.monotonic() + self._timeout\n        while True:\n            try:\n                value = method(self._driver)\n                if value:\n                    return value\n            except self._ignored_exceptions as exc:\n                screen = getattr(exc, \"screen\", None)\n                stacktrace = getattr(exc, \"stacktrace\", None)\n            time.sleep(self._poll)\n            if time.monotonic() > end_time:\n                break\n>       raise TimeoutException(message, screen, stacktrace)\nE       selenium.common.exceptions.TimeoutException: Message: \nE       Stacktrace:\nE       \tGetHandleVerifier [0x00768D03+51395]\nE       \t(No symbol) [0x006D5F61]\nE       \t(No symbol) [0x0058E13A]\nE       \t(No symbol) [0x005C62BB]\nE       \t(No symbol) [0x005C63EB]\nE       \t(No symbol) [0x005FC162]\nE       \t(No symbol) [0x005E3ED4]\nE       \t(No symbol) [0x005FA570]\nE       \t(No symbol) [0x005E3C26]\nE       \t(No symbol) [0x005BC629]\nE       \t(No symbol) [0x005BD40D]\nE       \tGetHandleVerifier [0x00AE68D3+3712147]\nE       \tGetHandleVerifier [0x00B25CBA+3971194]\nE       \tGetHandleVerifier [0x00B20FA8+3951464]\nE       \tGetHandleVerifier [0x00819D09+776393]\nE       \t(No symbol) [0x006E1734]\nE       \t(No symbol) [0x006DC618]\nE       \t(No symbol) [0x006DC7C9]\nE       \t(No symbol) [0x006CDDF0]\nE       \tBaseThreadInitThunk [0x75AEFCC9+25]\nE       \tRtlGetAppContainerNamedObjectPath [0x77737C5E+286]\nE       \tRtlGetAppContainerNamedObjectPath [0x77737C2E+238]\n\n.venv\\Lib\\site-packages\\selenium\\webdriver\\support\\wait.py:105: TimeoutException","flaky":false,"newFailed":false,"newBroken":false,"newPassed":false,"retriesCount":0,"retriesStatusChange":false,"beforeStages":[{"name":"driver","time":{"start":1728395205726,"stop":1728395207891,"duration":2165},"status":"passed","steps":[],"attachments":[],"parameters":[],"hasContent":false,"shouldDisplayMessage":false,"attachmentsCount":0,"stepsCount":0,"attachmentStep":false},{"name":"setup","time":{"start":1728395207891,"stop":1728395207891,"duration":0},"status":"passed","steps":[],"attachments":[],"parameters":[],"hasContent":false,"shouldDisplayMessage":false,"attachmentsCount":0,"stepsCount":0,"attachmentStep":false}],"testStage":{"status":"broken","statusMessage":"selenium.common.exceptions.TimeoutException: Message: \nStacktrace:\n\tGetHandleVerifier [0x00768D03+51395]\n\t(No symbol) [0x006D5F61]\n\t(No symbol) [0x0058E13A]\n\t(No symbol) [0x005C62BB]\n\t(No symbol) [0x005C63EB]\n\t(No symbol) [0x005FC162]\n\t(No symbol) [0x005E3ED4]\n\t(No symbol) [0x005FA570]\n\t(No symbol) [0x005E3C26]\n\t(No symbol) [0x005BC629]\n\t(No symbol) [0x005BD40D]\n\tGetHandleVerifier [0x00AE68D3+3712147]\n\tGetHandleVerifier [0x00B25CBA+3971194]\n\tGetHandleVerifier [0x00B20FA8+3951464]\n\tGetHandleVerifier [0x00819D09+776393]\n\t(No symbol) [0x006E1734]\n\t(No symbol) [0x006DC618]\n\t(No symbol) [0x006DC7C9]\n\t(No symbol) [0x006CDDF0]\n\tBaseThreadInitThunk [0x75AEFCC9+25]\n\tRtlGetAppContainerNamedObjectPath [0x77737C5E+286]\n\tRtlGetAppContainerNamedObjectPath [0x77737C2E+238]","statusTrace":"self = <tests.test_reg.TestCriticalPath object at 0x0000019DCC125970>\n\n    @allure.title(\"Check search and buy product\")\n    @allure.severity(\"Critical\")\n    @pytest.mark.critical_path\n    @pytest.mark.run(order=1)\n    def test_critical_path(self):\n        self.reg_page.open()\n        self.reg_page.is_opened()\n        self.reg_page.check_main_word()\n        self.reg_page.enter_personal_account()\n        self.reg_page.input_login(self.data.LOGIN)\n        self.reg_page.enter_login_button()\n        self.reg_page.input_password(self.data.PASSWORD)\n        self.reg_page.input_search_field()\n        self.reg_page.choose_product()\n        self.reg_page.add_to_cart()\n        self.reg_page.go_to_cart()\n        self.reg_page.click_place_an_order_button()\n        self.reg_page.check_order()\n        self.reg_page.go_to_checkout()\n        self.reg_page.click_dalee_button()\n        self.reg_page.input_phone()\n        self.reg_page.click_dalee_button()\n        self.reg_page.input_city()\n        self.reg_page.click_dalee_button()\n        self.reg_page.click_good_button()\n        self.reg_page.click_dalee_button()\n>       self.reg_page.choose_delivery_method()\n\ntests\\test_reg.py:36: \n_ _ _ _ _ _ _ _ _ _ _ _ _ _ _ _ _ _ _ _ _ _ _ _ _ _ _ _ _ _ _ _ _ _ _ _ _ _ _ _ _ _ _ _ _ _ _ _ _ _ _ _ _ _ _ _ _ _ _ _ _ _ _ _ _ _ _ _ _ _ _ _ _ _ _ _ _ _ _ _ \npages\\reg_page.py:132: in choose_delivery_method\n    self.wait.until(EC.element_to_be_clickable(self.POST_BUTTON)).click()\n_ _ _ _ _ _ _ _ _ _ _ _ _ _ _ _ _ _ _ _ _ _ _ _ _ _ _ _ _ _ _ _ _ _ _ _ _ _ _ _ _ _ _ _ _ _ _ _ _ _ _ _ _ _ _ _ _ _ _ _ _ _ _ _ _ _ _ _ _ _ _ _ _ _ _ _ _ _ _ _ \n\nself = <selenium.webdriver.support.wait.WebDriverWait (session=\"9b687dac20aac6abf0be90b38fdfed6b\")>\nmethod = <function element_to_be_clickable.<locals>._predicate at 0x0000019DCBDC2480>, message = ''\n\n    def until(self, method: Callable[[D], Union[Literal[False], T]], message: str = \"\") -> T:\n        \"\"\"Calls the method provided with the driver as an argument until the \\\n        return value does not evaluate to ``False``.\n    \n        :param method: callable(WebDriver)\n        :param message: optional message for :exc:`TimeoutException`\n        :returns: the result of the last call to `method`\n        :raises: :exc:`selenium.common.exceptions.TimeoutException` if timeout occurs\n        \"\"\"\n        screen = None\n        stacktrace = None\n    \n        end_time = time.monotonic() + self._timeout\n        while True:\n            try:\n                value = method(self._driver)\n                if value:\n                    return value\n            except self._ignored_exceptions as exc:\n                screen = getattr(exc, \"screen\", None)\n                stacktrace = getattr(exc, \"stacktrace\", None)\n            time.sleep(self._poll)\n            if time.monotonic() > end_time:\n                break\n>       raise TimeoutException(message, screen, stacktrace)\nE       selenium.common.exceptions.TimeoutException: Message: \nE       Stacktrace:\nE       \tGetHandleVerifier [0x00768D03+51395]\nE       \t(No symbol) [0x006D5F61]\nE       \t(No symbol) [0x0058E13A]\nE       \t(No symbol) [0x005C62BB]\nE       \t(No symbol) [0x005C63EB]\nE       \t(No symbol) [0x005FC162]\nE       \t(No symbol) [0x005E3ED4]\nE       \t(No symbol) [0x005FA570]\nE       \t(No symbol) [0x005E3C26]\nE       \t(No symbol) [0x005BC629]\nE       \t(No symbol) [0x005BD40D]\nE       \tGetHandleVerifier [0x00AE68D3+3712147]\nE       \tGetHandleVerifier [0x00B25CBA+3971194]\nE       \tGetHandleVerifier [0x00B20FA8+3951464]\nE       \tGetHandleVerifier [0x00819D09+776393]\nE       \t(No symbol) [0x006E1734]\nE       \t(No symbol) [0x006DC618]\nE       \t(No symbol) [0x006DC7C9]\nE       \t(No symbol) [0x006CDDF0]\nE       \tBaseThreadInitThunk [0x75AEFCC9+25]\nE       \tRtlGetAppContainerNamedObjectPath [0x77737C5E+286]\nE       \tRtlGetAppContainerNamedObjectPath [0x77737C2E+238]\n\n.venv\\Lib\\site-packages\\selenium\\webdriver\\support\\wait.py:105: TimeoutException","steps":[{"name":"Open https://altaivita.ru/?login=puk.kak.03@mail.ru page","time":{"start":1728395207892,"stop":1728395210259,"duration":2367},"status":"passed","steps":[],"attachments":[],"parameters":[],"hasContent":false,"shouldDisplayMessage":false,"attachmentsCount":0,"stepsCount":0,"attachmentStep":false},{"name":"Page https://altaivita.ru/?login=puk.kak.03@mail.ru is opened","time":{"start":1728395210259,"stop":1728395210264,"duration":5},"status":"passed","steps":[],"attachments":[],"parameters":[],"hasContent":false,"shouldDisplayMessage":false,"attachmentsCount":0,"stepsCount":0,"attachmentStep":false}],"attachments":[],"parameters":[],"hasContent":true,"shouldDisplayMessage":true,"attachmentsCount":0,"stepsCount":2,"attachmentStep":false},"afterStages":[{"name":"driver::0","time":{"start":1728395246677,"stop":1728395248773,"duration":2096},"status":"passed","steps":[],"attachments":[],"parameters":[],"hasContent":false,"shouldDisplayMessage":false,"attachmentsCount":0,"stepsCount":0,"attachmentStep":false}],"labels":[{"name":"severity","value":"Critical"},{"name":"feature","value":"Buy product"},{"name":"tag","value":"run(order=1)"},{"name":"tag","value":"critical_path"},{"name":"parentSuite","value":"tests"},{"name":"suite","value":"test_reg"},{"name":"subSuite","value":"TestCriticalPath"},{"name":"host","value":"DESKTOP-T37C7KB"},{"name":"thread","value":"16188-MainThread"},{"name":"framework","value":"pytest"},{"name":"language","value":"cpython3"},{"name":"package","value":"tests.test_reg"},{"name":"resultFormat","value":"allure2"}],"parameters":[],"links":[],"hidden":true,"retry":true,"extra":{"categories":[],"tags":["run(order=1)","critical_path"]},"source":"47cf8204e55504e5.json","parameterValues":[]}